AmigoServiceKotlin/amigo-app/build/outputs/logs/manifest-merger-debug-report.txt
-- Merging decision tree log ---
manifest
ADDED from src/main/AndroidManifest.xml:2:1-239:12
INJECTED from src/main/AndroidManifest.xml:2:1-239:12
INJECTED from src/main/AndroidManifest.xml:2:1-239:12
INJECTED from src/main/AndroidManifest.xml:2:1-239:12
INJECTED from src/main/AndroidManifest.xml:2:1-239:12
INJECTED from src/main/AndroidManifest.xml:2:1-239:12
INJECTED from src/main/AndroidManifest.xml:2:1-239:12
	package
		ADDED from src/main/AndroidManifest.xml:2:70-100
		INJECTED from src/main/AndroidManifest.xml
		INJECTED from src/main/AndroidManifest.xml
	android:versionName
		INJECTED from src/main/AndroidManifest.xml
		ADDED from src/main/AndroidManifest.xml:2:1-239:12
		INJECTED from src/main/AndroidManifest.xml
	android:versionCode
		INJECTED from src/main/AndroidManifest.xml
		ADDED from src/main/AndroidManifest.xml:2:1-239:12
		INJECTED from src/main/AndroidManifest.xml
	xmlns:android
		ADDED from src/main/AndroidManifest.xml:2:11-69
permission#com.gionee.gnservice.permission.C2D_MESSAGE
ADDED from src/main/AndroidManifest.xml:4:5-6:50
	android:protectionLevel
		ADDED from src/main/AndroidManifest.xml:6:13-48
	android:name
		ADDED from src/main/AndroidManifest.xml:5:13-71
uses-permission#com.gionee.cloud.permission.CHANGE_RECORD
ADDED from src/main/AndroidManifest.xml:8:5-80
	android:name
		ADDED from src/main/AndroidManifest.xml:8:22-78
uses-permission#android.permission.ACCESS_NETWORK_STATE
ADDED from src/main/AndroidManifest.xml:9:5-78
	android:name
		ADDED from src/main/AndroidManifest.xml:9:22-76
uses-permission#android.permission.READ_PHONE_STATE
ADDED from src/main/AndroidManifest.xml:10:5-74
	android:name
		ADDED from src/main/AndroidManifest.xml:10:22-72
uses-permission#android.permission.BAIDU_LOCATION_SERVICE
ADDED from src/main/AndroidManifest.xml:11:5-80
	android:name
		ADDED from src/main/AndroidManifest.xml:11:22-78
uses-permission#android.permission.ACCESS_WIFI_STATE
ADDED from src/main/AndroidManifest.xml:12:5-75
	android:name
		ADDED from src/main/AndroidManifest.xml:12:22-73
uses-permission#android.permission.CHANGE_WIFI_STATE
ADDED from src/main/AndroidManifest.xml:14:5-75
	android:name
		ADDED from src/main/AndroidManifest.xml:14:22-73
uses-permission#android.permission.INTERNET
ADDED from src/main/AndroidManifest.xml:15:5-66
	android:name
		ADDED from src/main/AndroidManifest.xml:15:22-64
uses-permission#gn.com.android.Statistics.permission.RECEIVE
ADDED from src/main/AndroidManifest.xml:16:5-83
	android:name
		ADDED from src/main/AndroidManifest.xml:16:22-81
uses-permission#android.permission.RECEIVE_BOOT_COMPLETED
ADDED from src/main/AndroidManifest.xml:17:5-80
	android:name
		ADDED from src/main/AndroidManifest.xml:17:22-78
uses-permission#android.permission.WRITE_SETTINGS
ADDED from src/main/AndroidManifest.xml:18:5-72
	android:name
		ADDED from src/main/AndroidManifest.xml:18:22-70
uses-permission#android.permission.WRITE_EXTERNAL_STORAGE
ADDED from src/main/AndroidManifest.xml:19:5-80
	android:name
		ADDED from src/main/AndroidManifest.xml:19:22-78
uses-permission#android.permission.MOUNT_UNMOUNT_FILESYSTEMS
ADDED from src/main/AndroidManifest.xml:20:5-83
	android:name
		ADDED from src/main/AndroidManifest.xml:20:22-81
uses-permission#com.gionee.youju.statistics.permission.READ_PROVIDER
ADDED from src/main/AndroidManifest.xml:21:5-91
	android:name
		ADDED from src/main/AndroidManifest.xml:21:22-89
uses-permission#com.gionee.youju.statistics.permission.WRITE_PROVIDER
ADDED from src/main/AndroidManifest.xml:22:5-92
	android:name
		ADDED from src/main/AndroidManifest.xml:22:22-90
uses-permission#android.permission.KILL_BACKGROUND_PROCESSES
ADDED from src/main/AndroidManifest.xml:23:5-83
	android:name
		ADDED from src/main/AndroidManifest.xml:23:22-81
uses-permission#com.gionee.launcher.permission.PRESSURE_SENSOR
ADDED from src/main/AndroidManifest.xml:24:5-85
	android:name
		ADDED from src/main/AndroidManifest.xml:24:22-83
uses-permission#com.gionee.gnservice.permission.C2D_MESSAGE
ADDED from src/main/AndroidManifest.xml:25:5-82
	android:name
		ADDED from src/main/AndroidManifest.xml:25:22-80
uses-permission#com.gionee.cloud.permission.RECEIVE
ADDED from src/main/AndroidManifest.xml:26:5-74
	android:name
		ADDED from src/main/AndroidManifest.xml:26:22-72
uses-permission#android.permission.WAKE_LOCK
ADDED from src/main/AndroidManifest.xml:27:5-67
	android:name
		ADDED from src/main/AndroidManifest.xml:27:22-65
application
ADDED from src/main/AndroidManifest.xml:29:5-237:19
meta-data#com.baidu.lbsapi.API_KEY
ADDED from src/main/AndroidManifest.xml:31:9-33:59
	android:value
		ADDED from src/main/AndroidManifest.xml:33:17-57
	android:name
		ADDED from src/main/AndroidManifest.xml:32:17-56
meta-data#YJ_APP_ID
ADDED from src/main/AndroidManifest.xml:34:9-36:51
	android:value
		ADDED from src/main/AndroidManifest.xml:36:17-49
	android:name
		ADDED from src/main/AndroidManifest.xml:35:17-41
meta-data#FeedBack_AppId
ADDED from src/main/AndroidManifest.xml:38:9-40:67
	android:value
		ADDED from src/main/AndroidManifest.xml:40:17-65
	android:name
		ADDED from src/main/AndroidManifest.xml:39:17-46
activity#com.gionee.gnservice.UserCenterActivity
ADDED from src/main/AndroidManifest.xml:42:9-60:20
	android:screenOrientation
		ADDED from src/main/AndroidManifest.xml:48:17-53
	android:label
		ADDED from src/main/AndroidManifest.xml:45:17-55
	android:launchMode
		ADDED from src/main/AndroidManifest.xml:47:17-47
	android:configChanges
		ADDED from src/main/AndroidManifest.xml:44:17-89
	android:theme
		ADDED from src/main/AndroidManifest.xml:46:17-70
	android:name
		ADDED from src/main/AndroidManifest.xml:43:17-71
intent-filter#action:name:com.gionee.gnservice.WelcomActivity+category:name:android.intent.category.DEFAULT
ADDED from src/main/AndroidManifest.xml:50:13-54:29
action#com.gionee.gnservice.WelcomActivity
ADDED from src/main/AndroidManifest.xml:51:17-77
	android:name
		ADDED from src/main/AndroidManifest.xml:51:25-75
category#android.intent.category.DEFAULT
ADDED from src/main/AndroidManifest.xml:53:17-75
	android:name
		ADDED from src/main/AndroidManifest.xml:53:27-73
intent-filter#action:name:com.gionee.gnservice.GNServiceActivity+category:name:android.intent.category.DEFAULT
ADDED from src/main/AndroidManifest.xml:55:13-59:29
action#com.gionee.gnservice.GNServiceActivity
ADDED from src/main/AndroidManifest.xml:56:17-80
	android:name
		ADDED from src/main/AndroidManifest.xml:56:25-78
activity#com.gionee.gnservice.SdkDemoActivity
ADDED from src/main/AndroidManifest.xml:62:9-65:55
	android:screenOrientation
		ADDED from src/main/AndroidManifest.xml:65:17-53
	android:configChanges
		ADDED from src/main/AndroidManifest.xml:64:17-78
	android:name
		ADDED from src/main/AndroidManifest.xml:63:17-68
activity#com.gionee.gnservice.sdk.member.MemberCardActivity
ADDED from src/main/AndroidManifest.xml:67:9-76:20
	android:screenOrientation
		ADDED from src/main/AndroidManifest.xml:70:17-53
	android:configChanges
		ADDED from src/main/AndroidManifest.xml:69:17-89
	android:name
		ADDED from src/main/AndroidManifest.xml:68:17-82
intent-filter#action:name:com.gionee.gnservice.sdk.toMemberCardActivity+category:name:android.intent.category.DEFAULT
ADDED from src/main/AndroidManifest.xml:71:13-75:29
action#com.gionee.gnservice.sdk.toMemberCardActivity
ADDED from src/main/AndroidManifest.xml:72:17-87
	android:name
		ADDED from src/main/AndroidManifest.xml:72:25-85
activity#com.gionee.gnservice.sdk.integral.MemberIntegralActivity
ADDED from src/main/AndroidManifest.xml:77:9-87:20
	android:screenOrientation
		ADDED from src/main/AndroidManifest.xml:80:17-53
	android:configChanges
		ADDED from src/main/AndroidManifest.xml:79:17-89
	android:name
		ADDED from src/main/AndroidManifest.xml:78:17-88
intent-filter#action:name:com.gionee.gnservice.sdk.toMemberIntegralActivity+category:name:android.intent.category.DEFAULT
ADDED from src/main/AndroidManifest.xml:81:13-85:29
action#com.gionee.gnservice.sdk.toMemberIntegralActivity
ADDED from src/main/AndroidManifest.xml:82:17-91
	android:name
		ADDED from src/main/AndroidManifest.xml:82:25-89
activity#com.gionee.gnservice.sdk.coupon.MemberCouponActivity
ADDED from src/main/AndroidManifest.xml:89:9-99:20
	android:screenOrientation
		ADDED from src/main/AndroidManifest.xml:92:17-53
	android:configChanges
		ADDED from src/main/AndroidManifest.xml:91:17-89
	android:name
		ADDED from src/main/AndroidManifest.xml:90:17-84
intent-filter#action:name:com.gionee.gnservice.sdk.toMemberCouponActivity+category:name:android.intent.category.DEFAULT
ADDED from src/main/AndroidManifest.xml:93:13-97:29
action#com.gionee.gnservice.sdk.toMemberCouponActivity
ADDED from src/main/AndroidManifest.xml:94:17-89
	android:name
		ADDED from src/main/AndroidManifest.xml:94:25-87
activity#com.gionee.gnservice.sdk.coupon.MemberCouponExpiredActivity
ADDED from src/main/AndroidManifest.xml:101:9-104:55
	android:screenOrientation
		ADDED from src/main/AndroidManifest.xml:104:17-53
	android:configChanges
		ADDED from src/main/AndroidManifest.xml:103:17-89
	android:name
		ADDED from src/main/AndroidManifest.xml:102:17-91
activity#com.gionee.gnservice.sdk.integral.MemberIntegralLotteryActivity
ADDED from src/main/AndroidManifest.xml:106:9-115:20
	android:screenOrientation
		ADDED from src/main/AndroidManifest.xml:109:17-53
	android:configChanges
		ADDED from src/main/AndroidManifest.xml:108:17-89
	android:name
		ADDED from src/main/AndroidManifest.xml:107:17-95
intent-filter#action:name:com.gionee.gnservice.sdk.toMemberIntegralLotteryActivity+category:name:android.intent.category.DEFAULT
ADDED from src/main/AndroidManifest.xml:110:13-114:29
action#com.gionee.gnservice.sdk.toMemberIntegralLotteryActivity
ADDED from src/main/AndroidManifest.xml:111:17-98
	android:name
		ADDED from src/main/AndroidManifest.xml:111:25-96
activity#com.gionee.gnservice.sdk.integral.MemberIntegralMallActivity
ADDED from src/main/AndroidManifest.xml:117:9-126:20
	android:screenOrientation
		ADDED from src/main/AndroidManifest.xml:120:17-53
	android:configChanges
		ADDED from src/main/AndroidManifest.xml:119:17-89
	android:name
		ADDED from src/main/AndroidManifest.xml:118:17-92
intent-filter#action:name:com.gionee.gnservice.sdk.toMemberIntegralMallActivity+category:name:android.intent.category.DEFAULT
ADDED from src/main/AndroidManifest.xml:121:13-125:29
action#com.gionee.gnservice.sdk.toMemberIntegralMallActivity
ADDED from src/main/AndroidManifest.xml:122:17-95
	android:name
		ADDED from src/main/AndroidManifest.xml:122:25-93
activity#com.gionee.gnservice.module.integral.MemberIntegralMakeActivity
ADDED from src/main/AndroidManifest.xml:127:9-137:20
	android:screenOrientation
		ADDED from src/main/AndroidManifest.xml:130:17-53
	android:exported
		ADDED from src/main/AndroidManifest.xml:131:17-40
	android:configChanges
		ADDED from src/main/AndroidManifest.xml:129:17-89
	android:name
		ADDED from src/main/AndroidManifest.xml:128:17-95
intent-filter#action:name:com.gionee.gnservice.EARN_SCORE_FORHTML+category:name:android.intent.category.DEFAULT
ADDED from src/main/AndroidManifest.xml:132:13-136:29
action#com.gionee.gnservice.EARN_SCORE_FORHTML
ADDED from src/main/AndroidManifest.xml:133:17-81
	android:name
		ADDED from src/main/AndroidManifest.xml:133:25-79
activity#com.gionee.gnservice.sdk.integral.MemberIntegralRuleActivity
ADDED from src/main/AndroidManifest.xml:139:9-142:55
	android:screenOrientation
		ADDED from src/main/AndroidManifest.xml:142:17-53
	android:configChanges
		ADDED from src/main/AndroidManifest.xml:141:17-89
	android:name
		ADDED from src/main/AndroidManifest.xml:140:17-92
activity#com.gionee.gnservice.sdk.member.MemberPrivilegeActivity
ADDED from src/main/AndroidManifest.xml:143:9-152:20
	android:screenOrientation
		ADDED from src/main/AndroidManifest.xml:146:17-53
	android:configChanges
		ADDED from src/main/AndroidManifest.xml:145:17-89
	android:name
		ADDED from src/main/AndroidManifest.xml:144:17-87
intent-filter#action:name:com.gionee.gnservice.sdk.toMemberPrivilegeActivity+category:name:android.intent.category.DEFAULT
ADDED from src/main/AndroidManifest.xml:147:13-151:29
action#com.gionee.gnservice.sdk.toMemberPrivilegeActivity
ADDED from src/main/AndroidManifest.xml:148:17-92
	android:name
		ADDED from src/main/AndroidManifest.xml:148:25-90
activity#com.gionee.gnservice.sdk.member.MemberPrivilegeContentActivity
ADDED from src/main/AndroidManifest.xml:153:9-156:55
	android:screenOrientation
		ADDED from src/main/AndroidManifest.xml:156:17-53
	android:configChanges
		ADDED from src/main/AndroidManifest.xml:155:17-89
	android:name
		ADDED from src/main/AndroidManifest.xml:154:17-94
activity#com.gionee.gnservice.sdk.member.MemberPrivilegeContentMoreActivity
ADDED from src/main/AndroidManifest.xml:158:9-161:55
	android:screenOrientation
		ADDED from src/main/AndroidManifest.xml:161:17-53
	android:configChanges
		ADDED from src/main/AndroidManifest.xml:160:17-89
	android:name
		ADDED from src/main/AndroidManifest.xml:159:17-98
activity#com.gionee.gnservice.sdk.integral.MemberIntegralRecordActivity
ADDED from src/main/AndroidManifest.xml:163:9-166:55
	android:screenOrientation
		ADDED from src/main/AndroidManifest.xml:166:17-53
	android:configChanges
		ADDED from src/main/AndroidManifest.xml:165:17-78
	android:name
		ADDED from src/main/AndroidManifest.xml:164:17-94
activity#com.gionee.gnservice.module.bbs.AmigoBBSActivity
ADDED from src/main/AndroidManifest.xml:169:9-175:55
	android:screenOrientation
		ADDED from src/main/AndroidManifest.xml:175:17-53
	android:launchMode
		ADDED from src/main/AndroidManifest.xml:174:17-47
	android:hardwareAccelerated
		ADDED from src/main/AndroidManifest.xml:173:17-51
	android:exported
		ADDED from src/main/AndroidManifest.xml:172:17-40
	android:configChanges
		ADDED from src/main/AndroidManifest.xml:171:17-89
	android:name
		ADDED from src/main/AndroidManifest.xml:170:17-80
activity#com.gionee.gnservice.module.setting.MemberSettingActivity
ADDED from src/main/AndroidManifest.xml:177:9-180:55
	android:screenOrientation
		ADDED from src/main/AndroidManifest.xml:180:17-53
	android:configChanges
		ADDED from src/main/AndroidManifest.xml:179:17-89
	android:name
		ADDED from src/main/AndroidManifest.xml:178:17-89
activity#com.gionee.gnservice.module.main.WebViewActivity
ADDED from src/main/AndroidManifest.xml:182:9-185:55
	android:screenOrientation
		ADDED from src/main/AndroidManifest.xml:185:17-53
	android:configChanges
		ADDED from src/main/AndroidManifest.xml:184:17-78
	android:name
		ADDED from src/main/AndroidManifest.xml:183:17-80
activity#com.gionee.account.sdk.activity.AssistActivity
ADDED from src/main/AndroidManifest.xml:189:9-197:20
	android:screenOrientation
		ADDED from src/main/AndroidManifest.xml:192:17-56
	android:configChanges
		ADDED from src/main/AndroidManifest.xml:191:17-71
	android:theme
		ADDED from src/main/AndroidManifest.xml:193:17-76
	android:name
		ADDED from src/main/AndroidManifest.xml:190:17-78
meta-data#version
ADDED from src/main/AndroidManifest.xml:194:13-196:57
	android:value
		ADDED from src/main/AndroidManifest.xml:196:21-44
	android:name
		ADDED from src/main/AndroidManifest.xml:195:21-43
activity#com.gionee.feedback.ui.FeedBackActivity
ADDED from src/main/AndroidManifest.xml:200:9-202:61
	android:windowSoftInputMode
		ADDED from src/main/AndroidManifest.xml:202:17-59
	android:name
		ADDED from src/main/AndroidManifest.xml:201:17-71
activity#com.gionee.feedback.ui.DeleteAttachActivity
ADDED from src/main/AndroidManifest.xml:203:9-204:77
	android:name
		ADDED from src/main/AndroidManifest.xml:204:17-75
receiver#com.gionee.feedback.ui.FeedBackReceiver
ADDED from src/main/AndroidManifest.xml:206:9-210:20
	android:name
		ADDED from src/main/AndroidManifest.xml:206:19-73
intent-filter#action:name:gionee.intent.action.FEEDBACK_ALARM
ADDED from src/main/AndroidManifest.xml:207:13-209:29
action#gionee.intent.action.FEEDBACK_ALARM
ADDED from src/main/AndroidManifest.xml:208:17-77
	android:name
		ADDED from src/main/AndroidManifest.xml:208:25-75
receiver#com.gionee.gnservice.module.setting.push.PushReceiver
ADDED from src/main/AndroidManifest.xml:220:9-233:20
	android:permission
		ADDED from src/main/AndroidManifest.xml:222:17-70
	android:name
		ADDED from src/main/AndroidManifest.xml:221:17-65
intent-filter#action:name:com.gionee.cloud.intent.REGISTRATION+category:name:com.gionee.cloud
ADDED from src/main/AndroidManifest.xml:223:13-227:29
action#com.gionee.cloud.intent.REGISTRATION
ADDED from src/main/AndroidManifest.xml:224:17-78
	android:name
		ADDED from src/main/AndroidManifest.xml:224:25-76
category#com.gionee.cloud
ADDED from src/main/AndroidManifest.xml:226:17-60
	android:name
		ADDED from src/main/AndroidManifest.xml:226:27-58
intent-filter#action:name:com.gionee.cloud.intent.RECEIVE+category:name:com.gionee.cloud
ADDED from src/main/AndroidManifest.xml:228:13-232:29
action#com.gionee.cloud.intent.RECEIVE
ADDED from src/main/AndroidManifest.xml:229:17-73
	android:name
		ADDED from src/main/AndroidManifest.xml:229:25-71
uses-sdk
INJECTED from src/main/AndroidManifest.xml reason: use-sdk injection requested
INJECTED from src/main/AndroidManifest.xml
INJECTED from src/main/AndroidManifest.xml
INJECTED from src/main/AndroidManifest.xml
INJECTED from src/main/AndroidManifest.xml
	android:targetSdkVersion
		INJECTED from src/main/AndroidManifest.xml
		ADDED from src/main/AndroidManifest.xml
		INJECTED from src/main/AndroidManifest.xml
	android:minSdkVersion
		INJECTED from src/main/AndroidManifest.xml
		ADDED from src/main/AndroidManifest.xml
		INJECTED from src/main/AndroidManifest.xml